[ 2017-04-06T18:00:15+08:00 ] ::1 /Admin/index.php/FontAwesome3.2.1/css/font-awesome.css
INFO: [ app_init ] --START--
INFO: Run Behavior\BuildLiteBehavior [ RunTime:0.000000s ]
INFO: [ app_init ] --END-- [ RunTime:0.000000s ]
ERR: 无法加载模块:FontAwesome3.2.1

[ 2017-04-06T18:00:15+08:00 ] ::1 /Admin/index.php/jquery1.9.1/jquery.min.js
INFO: [ app_init ] --START--
INFO: Run Behavior\BuildLiteBehavior [ RunTime:0.000000s ]
INFO: [ app_init ] --END-- [ RunTime:0.001000s ]
ERR: 无法加载模块:Jquery1.9.1

[ 2017-04-06T18:00:15+08:00 ] ::1 /Admin/index.php/bootstrap/js/bootstrap.js
INFO: [ app_init ] --START--
INFO: Run Behavior\BuildLiteBehavior [ RunTime:0.000000s ]
INFO: [ app_init ] --END-- [ RunTime:0.001000s ]
ERR: 无法加载模块:Bootstrap

[ 2017-04-06T18:00:15+08:00 ] ::1 /Admin/index.php/bootstrap/css/bootstrap.css
INFO: [ app_init ] --START--
INFO: Run Behavior\BuildLiteBehavior [ RunTime:0.000000s ]
INFO: [ app_init ] --END-- [ RunTime:0.001000s ]
ERR: 无法加载模块:Bootstrap

[ 2017-04-06T18:00:15+08:00 ] ::1 /Admin/index.php/jquery1.7.2/jquery.min.js
INFO: [ app_init ] --START--
INFO: Run Behavior\BuildLiteBehavior [ RunTime:0.000000s ]
INFO: [ app_init ] --END-- [ RunTime:0.001000s ]
ERR: 无法加载模块:Jquery1.7.2

[ 2017-04-06T18:00:15+08:00 ] ::1 /Admin/index.php/jqueryUi1.8/jquery-ui.min.js
INFO: [ app_init ] --START--
INFO: Run Behavior\BuildLiteBehavior [ RunTime:0.000000s ]
INFO: [ app_init ] --END-- [ RunTime:0.001000s ]
ERR: 无法加载模块:JqueryUi1.8

[ 2017-04-06T18:00:15+08:00 ] ::1 /Admin/index.php/baiduUeditor/ueditor.config.js
INFO: [ app_init ] --START--
INFO: Run Behavior\BuildLiteBehavior [ RunTime:0.000000s ]
INFO: [ app_init ] --END-- [ RunTime:0.000000s ]
ERR: 无法加载模块:BaiduUeditor

[ 2017-04-06T18:00:15+08:00 ] ::1 /Admin/index.php/baiduUeditor/ueditor.all.min.js
INFO: [ app_init ] --START--
INFO: Run Behavior\BuildLiteBehavior [ RunTime:0.000000s ]
INFO: [ app_init ] --END-- [ RunTime:0.001000s ]
ERR: 无法加载模块:BaiduUeditor

[ 2017-04-06T18:00:15+08:00 ] ::1 /Admin/index.php/baiduUeditor/lang/zh-cn/zh-cn.js
INFO: [ app_init ] --START--
INFO: Run Behavior\BuildLiteBehavior [ RunTime:0.001000s ]
INFO: [ app_init ] --END-- [ RunTime:0.001000s ]
ERR: 无法加载模块:BaiduUeditor

[ 2017-04-06T18:00:15+08:00 ] ::1 /Admin/index.php/FontAwesome3.2.1/css/font-awesome.css
INFO: [ app_init ] --START--
INFO: Run Behavior\BuildLiteBehavior [ RunTime:0.000000s ]
INFO: [ app_init ] --END-- [ RunTime:0.001000s ]
ERR: 无法加载模块:FontAwesome3.2.1

[ 2017-04-06T18:00:15+08:00 ] ::1 /Admin/index.php/baiduUeditor/ueditor.all.min.js
INFO: [ app_init ] --START--
INFO: Run Behavior\BuildLiteBehavior [ RunTime:0.000000s ]
INFO: [ app_init ] --END-- [ RunTime:0.001000s ]
ERR: 无法加载模块:BaiduUeditor

[ 2017-04-06T18:00:15+08:00 ] ::1 /Admin/index.php/baiduUeditor/lang/zh-cn/zh-cn.js
INFO: [ app_init ] --START--
INFO: Run Behavior\BuildLiteBehavior [ RunTime:0.000000s ]
INFO: [ app_init ] --END-- [ RunTime:0.001000s ]
ERR: 无法加载模块:BaiduUeditor

